<?xml version="1.0" encoding="UTF-8"?>
<!-- Generated by org.testng.reporters.JUnitXMLReporter -->
<testsuite ignored="0" hostname="DESKTOP-ISE7IFI" failures="1" tests="1" name="Test" time="90.364" errors="0" timestamp="2023-12-03T12:07:59 IST">
  <testcase classname="com.mytest.tests.LoginTest" name="loginTestWithValidCredentials" time="39.819">
    <failure type="java.lang.AssertionError" message="expected [New Custome] but found [New Customer]">
      <![CDATA[java.lang.AssertionError: expected [New Custome] but found [New Customer]
at com.utils.CommonUtils.validateForEquality(CommonUtils.java:93)
at com.mytest.pages.LoginPage.loginIntoApp(LoginPage.java:31)
at com.mytest.tests.LoginTest.loginTestWithValidCredentials(LoginTest.java:16)
at java.base/java.util.ArrayList.forEach(ArrayList.java:1511)
... Removed 33 stack frames]]>
    </failure>
  </testcase> <!-- loginTestWithValidCredentials -->
</testsuite> <!-- Test -->
